[13:52:55] [ERROR] Error parsing JSON: Invalid Item: {"name":"mysticalagriculture:prosperity_shard","meta":0}
[13:52:55] [ERROR] This may result in crashing or other undefined behavior
[13:52:55] [ERROR] Error parsing JSON: Invalid Item: {"name":"tp:QuartzDust","meta":0}
[13:52:55] [ERROR] This may result in crashing or other undefined behavior
[13:52:55] [ERROR] Error parsing JSON: Invalid Item: {"name":"mysticalagriculture:prosperity_shard","meta":0}
[13:52:55] [ERROR] This may result in crashing or other undefined behavior
[13:52:55] [ERROR] Error parsing JSON: Invalid Item: {"name":"tp:QuartzDust","meta":0}
[13:52:55] [ERROR] This may result in crashing or other undefined behavior
[13:52:55] [ERROR] Error parsing JSON: Invalid Item: {"name":"harvestcraft:whitemushroomseedItem","meta":0}
[13:52:55] [ERROR] This may result in crashing or other undefined behavior
[13:52:55] [ERROR] Error parsing JSON: Invalid Item: {"name":"harvestcraft:saltItem","meta":0}
[13:52:55] [ERROR] This may result in crashing or other undefined behavior
[13:52:55] [ERROR] Error parsing JSON: Invalid Item: {"name":"advancedrocketry:productdus","meta":0}
[13:52:55] [ERROR] This may result in crashing or other undefined behavior
[13:52:55] [ERROR] Error parsing JSON: Invalid Item: {"name":"advancedrocketry:productdus","meta":0}
[13:52:55] [ERROR] This may result in crashing or other undefined behavior
[13:52:55] [ERROR] Error parsing JSON: Invalid Item: {"name":"advancedrocketry:productdus","meta":0}
[13:52:55] [ERROR] This may result in crashing or other undefined behavior
[13:52:55] [ERROR] Error parsing JSON: Invalid Block: {"name":"tp:FleshBlock","meta":0}
[13:52:55] [ERROR] This may result in crashing or other undefined behavior
